2020-Jul-29 10:08:07 Наличие необходимых модулей php (check_php_modules): Ok
Все необходимые модули установлены
2020-Jul-29 10:08:07 Обязательные параметры PHP (check_php_settings): Ok
Настройки правильные
2020-Jul-29 10:08:07 Модули веб-сервера (check_security): Ok
Конфликтов не выявлено
2020-Jul-29 10:08:07 Значения переменных сервера (check_server_vars): Ok
Корректные
2020-Jul-29 10:08:07 Сохранение сессии (check_session): Ok
50% done
2020-Jul-29 10:08:07 Сохранение сессии (check_session): Ok
Успешно
2020-Jul-29 10:08:07 Параметры настройки UTF (mbstring и константа BX_UTF) (check_mbstring): Ok
Правильные. Сайт работает в UTF кодировке
2020-Jul-29 10:08:07 Служебные скрипты в корне сайта (check_install_scripts): Ok
Отсутствуют
2020-Jul-29 10:08:07 Работа с сокетами (check_socket): Ok
Connection to ssl://kumtigey.ru:443	Success

Успешно
2020-Jul-29 10:08:07 Выполнение агентов на cron (check_bx_crontab): Ok
Успешно
2020-Jul-29 10:08:08 Параметры подключения к базе данных (check_dbconn_settings): Ok
Успешно
2020-Jul-29 10:08:08 Лишний вывод в файлах конфигурации (check_dbconn): Ok
Connection to ssl://kumtigey.ru:443	Success

Успешно
2020-Jul-29 10:08:08 Сохранение сессии без UserAgent (check_session_ua): Ok
50% done
Connection to ssl://kumtigey.ru:443	Success

2020-Jul-29 10:08:08 Сохранение сессии без UserAgent (check_session_ua): Ok
Connection to ssl://kumtigey.ru:443	Success

Успешно
2020-Jul-29 10:08:08 Настройки сайтов (check_sites): Ok
Правильные
2020-Jul-29 10:08:08 Передача объектов по ссылке (check_clone): Ok
Успешно
2020-Jul-29 10:08:08 Размер стека и pcre.recursion_limit (check_pcre_recursion): Ok
Connection to ssl://kumtigey.ru:443	Success

Успешно
2020-Jul-29 10:08:08 Загрузка файла (check_upload): Ok
Connection to ssl://kumtigey.ru:443	Success

Успешно
2020-Jul-29 10:08:08 Загрузка файла больше 4Мб (check_upload_big): Ok
Connection to ssl://kumtigey.ru:443	Success

Успешно
2020-Jul-29 10:08:09 Загрузка файла через php://input (check_upload_raw): Ok
Connection to ssl://kumtigey.ru:443	Success

Успешно
2020-Jul-29 10:08:09 Передача POST запроса с большим числом параметров (check_post): Ok
Connection to ssl://kumtigey.ru:443	Success

Успешно
2020-Jul-29 10:08:09 Отправка почты (check_mail): Ok
Успешно
2020-Jul-29 10:08:09 Отправка почтового сообщения больше 64Кб (check_mail_big): Ok
Успешно
2020-Jul-29 10:08:09 Проверка на наличие неотправленных сообщений (check_mail_b_event): Ok
Успешно
2020-Jul-29 10:08:09 Внутреннее перенаправление (функция LocalRedirect) (check_localredirect): Ok
50% done
Connection to ssl://kumtigey.ru:443	Success

2020-Jul-29 10:08:09 Внутреннее перенаправление (функция LocalRedirect) (check_localredirect): Ok
Connection to ssl://kumtigey.ru:443	Success

Успешно
2020-Jul-29 10:08:09 Фактическое ограничение памяти (check_memory_limit): Ok
20% done
Connection to ssl://kumtigey.ru:443	Success

2020-Jul-29 10:08:09 Фактическое ограничение памяти (check_memory_limit): Ok
40% done
Connection to ssl://kumtigey.ru:443	Success

2020-Jul-29 10:08:10 Фактическое ограничение памяти (check_memory_limit): Ok
60% done
Connection to ssl://kumtigey.ru:443	Success

2020-Jul-29 10:08:10 Фактическое ограничение памяти (check_memory_limit): Ok
80% done
Connection to ssl://kumtigey.ru:443	Success

2020-Jul-29 10:08:10 Фактическое ограничение памяти (check_memory_limit): Ok
Connection to ssl://kumtigey.ru:443	Success

Не менее 256 М
2020-Jul-29 10:08:10 Работа с файлами кеша (check_cache): Ok
Успешно
2020-Jul-29 10:08:10 Доступ к серверу обновлений (check_update): Ok
Успешно
2020-Jul-29 10:08:10 HTTP авторизация (check_http_auth): Ok
Connection to ssl://kumtigey.ru:443	Success

Успешно
2020-Jul-29 10:08:10 Создание и запуск файла (check_exec): Ok
Connection to ssl://kumtigey.ru:443	Success

Успешно
2020-Jul-29 10:08:11 Функция getimagesize для swf (check_getimagesize): Ok
Успешно
2020-Jul-29 10:08:11 Версия MySQL-сервера (check_mysql_bug_version): Ok
Успешно
2020-Jul-29 10:08:12 Время на БД и веб-сервере (check_mysql_time): Ok
Успешно
2020-Jul-29 10:08:12 Режим работы MySQL (check_mysql_mode): Ok
Успешно
2020-Jul-29 10:08:14 Кодировка соединения (check_mysql_connection_charset): Ok
character_set_connection=utf8, collation_connection=utf8_unicode_ci, character_set_results=utf8
Успешно
2020-Jul-29 10:08:15 Кодировка базы данных (check_mysql_db_charset): Ok
CHARSET=utf8, COLLATION=utf8_unicode_ci
Успешно
2020-Jul-29 10:08:15 Кодировки таблиц в БД (check_mysql_table_charset): Ok
Успешно
2020-Jul-29 10:08:15 Структура базы данных (check_mysql_table_structure): Ok
0% done
2020-Jul-29 10:08:15 Структура базы данных (check_mysql_table_structure): Ok
1% done
2020-Jul-29 10:08:15 Структура базы данных (check_mysql_table_structure): Ok
3% done
2020-Jul-29 10:08:15 Структура базы данных (check_mysql_table_structure): Ok
5% done
2020-Jul-29 10:08:16 Структура базы данных (check_mysql_table_structure): Ok
7% done
2020-Jul-29 10:08:16 Структура базы данных (check_mysql_table_structure): Ok
9% done
2020-Jul-29 10:08:16 Структура базы данных (check_mysql_table_structure): Ok
11% done
2020-Jul-29 10:08:16 Структура базы данных (check_mysql_table_structure): Ok
13% done
2020-Jul-29 10:08:16 Структура базы данных (check_mysql_table_structure): Ok
15% done
2020-Jul-29 10:08:16 Структура базы данных (check_mysql_table_structure): Ok
17% done
2020-Jul-29 10:08:17 Структура базы данных (check_mysql_table_structure): Ok
19% done
2020-Jul-29 10:08:17 Структура базы данных (check_mysql_table_structure): Ok
21% done
2020-Jul-29 10:08:17 Структура базы данных (check_mysql_table_structure): Ok
23% done
2020-Jul-29 10:08:17 Структура базы данных (check_mysql_table_structure): Ok
25% done
2020-Jul-29 10:08:17 Структура базы данных (check_mysql_table_structure): Ok
26% done
2020-Jul-29 10:08:17 Структура базы данных (check_mysql_table_structure): Ok
28% done
2020-Jul-29 10:08:17 Структура базы данных (check_mysql_table_structure): Ok
30% done
2020-Jul-29 10:08:17 Структура базы данных (check_mysql_table_structure): Ok
32% done
2020-Jul-29 10:08:18 Структура базы данных (check_mysql_table_structure): Ok
34% done
2020-Jul-29 10:08:18 Структура базы данных (check_mysql_table_structure): Ok
36% done
2020-Jul-29 10:08:18 Структура базы данных (check_mysql_table_structure): Ok
38% done
2020-Jul-29 10:08:18 Структура базы данных (check_mysql_table_structure): Ok
40% done
2020-Jul-29 10:08:18 Структура базы данных (check_mysql_table_structure): Ok
42% done
2020-Jul-29 10:08:18 Структура базы данных (check_mysql_table_structure): Ok
44% done
2020-Jul-29 10:08:18 Структура базы данных (check_mysql_table_structure): Ok
46% done
2020-Jul-29 10:08:19 Структура базы данных (check_mysql_table_structure): Ok
48% done
2020-Jul-29 10:08:20 Структура базы данных (check_mysql_table_structure): Ok
50% done
